20:24:25: Creating resource group General
20:24:25: Creating resource group Internal
20:24:25: Creating resource group Autodetect
20:24:25: SceneManagerFactory for type 'DefaultSceneManager' registered.
20:24:25: Registering ResourceManager for type Material
20:24:25: Registering ResourceManager for type Mesh
20:24:25: Registering ResourceManager for type Skeleton
20:24:25: MovableObjectFactory for type 'ParticleSystem' registered.
20:24:25: OverlayElementFactory for type Panel registered.
20:24:25: OverlayElementFactory for type BorderPanel registered.
20:24:25: OverlayElementFactory for type TextArea registered.
20:24:25: Registering ResourceManager for type Font
20:24:25: ArchiveFactory for archive type FileSystem registered.
20:24:25: ArchiveFactory for archive type Zip registered.
20:24:25: DDS codec registering
20:24:25: FreeImage version: 3.13.1
20:24:25: This program uses FreeImage, a free, open source image library supporting all common bitmap formats. See http://freeimage.sourceforge.net for details
20:24:25: Supported formats: bmp,ico,jpg,jif,jpeg,jpe,jng,koa,iff,lbm,mng,pbm,pbm,pcd,pcx,pgm,pgm,png,ppm,ppm,ras,tga,targa,tif,tiff,wap,wbmp,wbm,psd,cut,xbm,xpm,gif,hdr,g3,sgi,exr,j2k,j2c,jp2,pfm,pct,pict,pic,bay,bmq,cr2,crw,cs1,dc2,dcr,dng,erf,fff,hdr,k25,kdc,mdc,mos,mrw,nef,orf,pef,pxn,raf,raw,rdc,sr2,srf,arw,3fr,cine,ia,kc2,mef,nrw,qtk,rw2,sti,drf,dsc,ptx,cap,iiq,rwz
20:24:25: PVRTC codec registering
20:24:25: Registering ResourceManager for type HighLevelGpuProgram
20:24:25: Registering ResourceManager for type Compositor
20:24:25: MovableObjectFactory for type 'Entity' registered.
20:24:25: MovableObjectFactory for type 'Light' registered.
20:24:25: MovableObjectFactory for type 'BillboardSet' registered.
20:24:25: MovableObjectFactory for type 'ManualObject' registered.
20:24:25: MovableObjectFactory for type 'BillboardChain' registered.
20:24:25: MovableObjectFactory for type 'RibbonTrail' registered.
20:24:25: Loading library .\RenderSystem_Direct3D9
20:24:25: Installing plugin: D3D9 RenderSystem
20:24:25: D3D9 : Direct3D9 Rendering Subsystem created.
20:24:25: D3D9: Driver Detection Starts
20:24:25: D3D9: Driver Detection Ends
20:24:25: Plugin successfully installed
20:24:25: Loading library .\RenderSystem_GL
20:24:25: Installing plugin: GL RenderSystem
20:24:25: OpenGL Rendering Subsystem created.
20:24:26: Plugin successfully installed
20:24:26: Loading library .\Plugin_OctreeSceneManager
20:24:26: Installing plugin: Octree & Terrain Scene Manager
20:24:26: Plugin successfully installed
20:24:26: Loading library .\Plugin_CgProgramManager
20:24:26: Installing plugin: Cg Program Manager
20:24:26: Plugin successfully installed
20:24:26: *-*-* OGRE Initialising
20:24:26: *-*-* Version 1.7.1 (Cthugha)
20:24:26: Added resource location '..\..\EditorData\materials\programs' of type 'FileSystem' to resource group 'General'
20:24:26: Added resource location '..\..\EditorData\materials\scripts' of type 'FileSystem' to resource group 'General'
20:24:26: Added resource location '..\..\EditorData\materials\textures\nvidia' of type 'FileSystem' to resource group 'General'
20:24:26: Added resource location '..\..\EditorData\materials\textures' of type 'FileSystem' to resource group 'General'
20:24:26: Added resource location '..\..\EditorData\materials' of type 'FileSystem' to resource group 'General'
20:24:26: Added resource location '..\..\EditorData\models' of type 'FileSystem' to resource group 'General'
20:24:26: Added resource location '..\..\EditorData' of type 'FileSystem' to resource group 'General'
20:24:26: D3D9 : RenderSystem Option: Full Screen = No
20:24:26: D3D9 : RenderSystem Option: Video Mode = 800 x 600 @ 32-bit colour
20:24:26: CPU Identifier & Features
20:24:26: -------------------------
20:24:26:  *   CPU ID: GenuineIntel: Intel(R) Core(TM) i7 CPU       Q 820  @ 1.73GHz
20:24:26:  *      SSE: yes
20:24:26:  *     SSE2: yes
20:24:26:  *     SSE3: yes
20:24:26:  *      MMX: yes
20:24:26:  *   MMXEXT: yes
20:24:26:  *    3DNOW: no
20:24:26:  * 3DNOWEXT: no
20:24:26:  *     CMOV: yes
20:24:26:  *      TSC: yes
20:24:26:  *      FPU: yes
20:24:26:  *      PRO: yes
20:24:26:  *       HT: no
20:24:26: -------------------------
20:24:26: D3D9 : Subsystem Initialising
20:24:26: Registering ResourceManager for type Texture
20:24:26: Registering ResourceManager for type GpuProgram
20:24:26: ***************************************
20:24:26: *** D3D9 : Subsystem Initialised OK ***
20:24:26: ***************************************
20:24:26: D3D9RenderSystem::_createRenderWindow "Main RenderWindow", 800x600 windowed  miscParams: FSAA=4 externalWindowHandle=2623082 
20:24:26: D3D9 : Created D3D9 Rendering Window 'Main RenderWindow' : 200x100, 32bpp
20:24:26: D3D9 : WARNING - disabling VSync in windowed mode can cause timing issues at lower frame rates, turn VSync on if you observe this problem.
20:24:26: D3D9: Vertex texture format supported - PF_FLOAT16_RGB
20:24:26: D3D9: Vertex texture format supported - PF_FLOAT16_RGBA
20:24:26: D3D9: Vertex texture format supported - PF_FLOAT32_RGB
20:24:26: D3D9: Vertex texture format supported - PF_FLOAT32_RGBA
20:24:26: D3D9: Vertex texture format supported - PF_FLOAT16_R
20:24:26: D3D9: Vertex texture format supported - PF_FLOAT32_R
20:24:26: D3D9: Vertex texture format supported - PF_FLOAT16_GR
20:24:26: D3D9: Vertex texture format supported - PF_FLOAT32_GR
20:24:26: RenderSystem capabilities
20:24:26: -------------------------
20:24:26: RenderSystem Name: Direct3D9 Rendering Subsystem
20:24:26: GPU Vendor: nvidia
20:24:26: Device Name: Monitor-1-NVIDIA Quadro FX 880M
20:24:26: Driver Version: 8.17.12.5738
20:24:26:  * Fixed function pipeline: yes
20:24:26:  * Hardware generation of mipmaps: yes
20:24:26:  * Texture blending: yes
20:24:26:  * Anisotropic texture filtering: yes
20:24:26:  * Dot product texture operation: yes
20:24:26:  * Cube mapping: yes
20:24:26:  * Hardware stencil buffer: yes
20:24:26:    - Stencil depth: 8
20:24:26:    - Two sided stencil support: yes
20:24:26:    - Wrap stencil values: yes
20:24:26:  * Hardware vertex / index buffers: yes
20:24:26:  * Vertex programs: yes
20:24:26:  * Number of floating-point constants for vertex programs: 256
20:24:26:  * Number of integer constants for vertex programs: 16
20:24:26:  * Number of boolean constants for vertex programs: 16
20:24:26:  * Fragment programs: yes
20:24:26:  * Number of floating-point constants for fragment programs: 224
20:24:26:  * Number of integer constants for fragment programs: 16
20:24:26:  * Number of boolean constants for fragment programs: 16
20:24:26:  * Geometry programs: no
20:24:26:  * Number of floating-point constants for geometry programs: 0
20:24:26:  * Number of integer constants for geometry programs: 0
20:24:26:  * Number of boolean constants for geometry programs: 0
20:24:26:  * Supported Shader Profiles: hlsl ps_1_1 ps_1_2 ps_1_3 ps_1_4 ps_2_0 ps_2_a ps_2_b ps_2_x ps_3_0 vs_1_1 vs_2_0 vs_2_a vs_2_x vs_3_0
20:24:26:  * Texture Compression: yes
20:24:26:    - DXT: yes
20:24:26:    - VTC: no
20:24:26:    - PVRTC: no
20:24:26:  * Scissor Rectangle: yes
20:24:26:  * Hardware Occlusion Query: yes
20:24:26:  * User clip planes: yes
20:24:26:  * VET_UBYTE4 vertex element type: yes
20:24:26:  * Infinite far plane projection: yes
20:24:26:  * Hardware render-to-texture: yes
20:24:26:  * Floating point textures: yes
20:24:26:  * Non-power-of-two textures: yes
20:24:26:  * Volume textures: yes
20:24:26:  * Multiple Render Targets: 4
20:24:26:    - With different bit depths: yes
20:24:26:  * Point Sprites: yes
20:24:26:  * Extended point parameters: yes
20:24:26:  * Max Point Size: 10
20:24:26:  * Vertex texture fetch: yes
20:24:26:  * Number of world matrices: 0
20:24:26:  * Number of texture units: 8
20:24:26:  * Stencil buffer depth: 8
20:24:26:  * Number of vertex blend matrices: 0
20:24:26:    - Max vertex textures: 4
20:24:26:    - Vertex textures shared: no
20:24:26:  * Render to Vertex Buffer : no
20:24:26:  * DirectX per stage constants: yes
20:24:26: DefaultWorkQueue('Root') initialising on thread main.
20:24:26: Particle Renderer Type 'billboard' registered
20:24:26: SceneManagerFactory for type 'OctreeSceneManager' registered.
20:24:26: SceneManagerFactory for type 'TerrainSceneManager' registered.
20:24:26: Parsing scripts for resource group Autodetect
20:24:26: Finished parsing scripts for resource group Autodetect
20:24:26: Parsing scripts for resource group General
20:24:26: Parsing script Examples.program
20:24:26: Parsing script StdQuad_vp.program
20:24:26: Parsing script ASCII.material
20:24:26: Parsing script ASMSwizzle.material
20:24:26: Compiler error: object unsupported by render system in ASMSwizzle.material(1)
20:24:26: Parsing script BlackAndWhite.material
20:24:26: Parsing script Bloom.material
20:24:26: Parsing script Bloom2.material
20:24:26: Parsing script CGSwizzle.material
20:24:26: Parsing script CompositorDemo.material
20:24:26: Parsing script DepthShadowmap.material
20:24:26: Parsing script Dither.material
20:24:26: Parsing script DOF.material
20:24:26: Parsing script Embossed.material
20:24:26: Parsing script Example-DynTex.material
20:24:26: Parsing script Example-Water.material
20:24:26: Parsing script Example.material
20:24:26: Parsing script Examples-Advanced.material
20:24:26: Parsing script Examples-DynTex.material
20:24:26: Parsing script Examples-Water.material
20:24:26: Parsing script Examples.material
20:24:26: OGRE EXCEPTION(2:InvalidParametersException): Parameter called camObjPos does not exist.  in GpuProgramParameters::_findNamedConstantDefinition at ..\..\ogre\OgreMain\src\OgreGpuProgramParams.cpp (line 1433)
20:24:26: Compiler error: invalid parameters in Examples.material(837): setting of constant failed
20:24:26: Parsing script facial.material
20:24:26: Parsing script foo.material
20:24:26: Parsing script Glass.material
20:24:26: Parsing script GLSLSwizzle.material
20:24:26: Parsing script Halftone.material
20:24:26: Parsing script hdr.material
20:24:27: Parsing script HeatVision.material
20:24:27: Parsing script Hurt.material
20:24:27: Parsing script instancing.material
20:24:27: Parsing script Invert.material
20:24:27: Parsing script IsoSurf.material
20:24:27: Parsing script Laplace.material
20:24:27: Parsing script MotionBlur.material
20:24:27: Parsing script MRTtest.material
20:24:27: Parsing script NightVision.material
20:24:27: Parsing script Ocean.material
20:24:27: Parsing script OffsetMapping.material
20:24:27: Parsing script Ogre.material
20:24:27: Parsing script OgreNewt_Example.material
20:24:27: Compiler error: unknown error in OgreNewt_Example.material(8): token "#ambient" is not recognized
20:24:27: Parsing script OldMovie.material
20:24:27: Parsing script OldTV.material
20:24:27: Parsing script ParticleGS.material
20:24:27: OGRE EXCEPTION(7:InternalErrorException): Unable to compile Cg program Ogre/ParticleGS/GenerateVS: CG ERROR : "The compile returned an error."
(0) : error C6015: Output 'POSITION' not completely written
 in CgProgram::loadFromSource at ..\..\..\ogre\PlugIns\CgProgramManager\src\OgreCgProgramManagerDll.cpp (line 67)
20:24:27: High-level program Ogre/ParticleGS/GenerateVS encountered an error during loading and is thus not supported.
OGRE EXCEPTION(7:InternalErrorException): Unable to compile Cg program Ogre/ParticleGS/GenerateVS: CG ERROR : "The compile returned an error."
(0) : error C6015: Output 'POSITION' not completely written
 in CgProgram::loadFromSource at ..\..\..\ogre\PlugIns\CgProgramManager\src\OgreCgProgramManagerDll.cpp (line 67)
20:24:27: OGRE EXCEPTION(7:InternalErrorException): Unable to compile Cg program Ogre/ParticleGS/DisplayVS: CG ERROR : "The compile returned an error."
(249) : warning C7050: "output.color" might be used before being initialized
(0) : error C6015: Output 'POSITION' not completely written
 in CgProgram::loadFromSource at ..\..\..\ogre\PlugIns\CgProgramManager\src\OgreCgProgramManagerDll.cpp (line 67)
20:24:27: High-level program Ogre/ParticleGS/DisplayVS encountered an error during loading and is thus not supported.
OGRE EXCEPTION(7:InternalErrorException): Unable to compile Cg program Ogre/ParticleGS/DisplayVS: CG ERROR : "The compile returned an error."
(249) : warning C7050: "output.color" might be used before being initialized
(0) : error C6015: Output 'POSITION' not completely written
 in CgProgram::loadFromSource at ..\..\..\ogre\PlugIns\CgProgramManager\src\OgreCgProgramManagerDll.cpp (line 67)
20:24:27: OGRE EXCEPTION(7:InternalErrorException): Unable to compile Cg program Ogre/ParticleGS/DisplayPS: CG ERROR : "The compile returned an error."
(323) : fatal error C9999: unexpected cast operation
 in CgProgram::loadFromSource at ..\..\..\ogre\PlugIns\CgProgramManager\src\OgreCgProgramManagerDll.cpp (line 67)
20:24:27: High-level program Ogre/ParticleGS/DisplayPS encountered an error during loading and is thus not supported.
OGRE EXCEPTION(7:InternalErrorException): Unable to compile Cg program Ogre/ParticleGS/DisplayPS: CG ERROR : "The compile returned an error."
(323) : fatal error C9999: unexpected cast operation
 in CgProgram::loadFromSource at ..\..\..\ogre\PlugIns\CgProgramManager\src\OgreCgProgramManagerDll.cpp (line 67)
20:24:27: Parsing script Penguin.material
20:24:27: Parsing script Posterize.material
20:24:27: Parsing script pssm.material
20:24:27: Parsing script RadialBlur.material
20:24:27: Parsing script red.material
20:24:27: Parsing script RZR-002.material
20:24:27: Parsing script ShaderSystem.material
20:24:27: Parsing script shadows.material
20:24:27: Parsing script SharpenEdges.material
20:24:27: Parsing script sibenik.material
20:24:27: Parsing script smoke.material
20:24:27: Parsing script Tiling.material
20:24:27: Parsing script VarianceShadowmap.material
20:24:27: Parsing script Examples.compositor
20:24:27: Finished parsing scripts for resource group General
20:24:27: Parsing scripts for resource group Internal
20:24:27: Finished parsing scripts for resource group Internal
20:24:27: TerrainSceneManager: Registered a new PageSource for type Heightmap
20:24:27: TerrainSceneManager: Activated PageSource Heightmap
20:24:27: Texture: terrain_texture.jpg: Loading 1 faces(PF_R8G8B8,512x512x1) with  hardware generated mipmaps from Image. Internal format is PF_X8R8G8B8,512x512x1.
20:24:27: Texture: terrain_detail.jpg: Loading 1 faces(PF_R8G8B8,256x256x1) with  hardware generated mipmaps from Image. Internal format is PF_X8R8G8B8,256x256x1.
20:24:27: Texture: clouds.jpg: Loading 1 faces(PF_R8G8B8,256x256x1) with  hardware generated mipmaps from Image. Internal format is PF_X8R8G8B8,256x256x1.
20:24:27: D3D9 Device 0x[088EBD20] entered lost state
20:24:27: D3D9 : WARNING - disabling VSync in windowed mode can cause timing issues at lower frame rates, turn VSync on if you observe this problem.
20:24:27: !!! Direct3D Device successfully restored.
20:24:27: D3D9 device: 0x[088EBD20] was reset
20:24:45: Mesh: Loading Barrel.mesh.
20:24:45: Texture: RustyBarrel.png: Loading 1 faces(PF_R8G8B8,256x256x1) with  hardware generated mipmaps from Image. Internal format is PF_X8R8G8B8,256x256x1.
20:24:50: Mesh: Loading knot.mesh.
20:24:50: Texture: MtlPlat2.jpg: Loading 1 faces(PF_R8G8B8,780x511x1) with 5 generated mipmaps from Image. Internal format is PF_X8R8G8B8,780x511x1.
20:24:58: Mesh: Loading knotfoo.mesh.
20:25:11: Mesh: Loading fish.mesh.
20:25:11: Skeleton: Loading fish.skeleton
20:25:11: Texture: steelhead.png: Loading 1 faces(PF_R8G8B8,256x256x1) with  hardware generated mipmaps from Image. Internal format is PF_X8R8G8B8,256x256x1.
20:25:11: WARNING: the mesh 'fish.mesh' includes vertices without bone assignments. Those vertices will transform to wrong position when skeletal animation enabled. To eliminate this, assign at least one bone assignment per vertex on your mesh.
20:25:29: DefaultWorkQueue('Root') shutting down on thread main.
20:25:29: *-*-* OGRE Shutdown
20:25:29: Unregistering ResourceManager for type Compositor
20:25:29: Unregistering ResourceManager for type Font
20:25:29: Unregistering ResourceManager for type Skeleton
20:25:29: Unregistering ResourceManager for type Mesh
20:25:29: Unregistering ResourceManager for type HighLevelGpuProgram
20:25:29: Uninstalling plugin: Cg Program Manager
20:25:29: Plugin successfully uninstalled
20:25:29: Unloading library .\Plugin_CgProgramManager
20:25:29: Uninstalling plugin: Octree & Terrain Scene Manager
20:25:29: Plugin successfully uninstalled
20:25:29: Unloading library .\Plugin_OctreeSceneManager
20:25:29: Uninstalling plugin: GL RenderSystem
20:25:29: *** Stopping Win32GL Subsystem ***
20:25:29: Plugin successfully uninstalled
20:25:29: Unloading library .\RenderSystem_GL
20:25:29: Uninstalling plugin: D3D9 RenderSystem
20:25:29: D3D9 : Shutting down cleanly.
20:25:29: Unregistering ResourceManager for type Texture
20:25:29: Unregistering ResourceManager for type GpuProgram
20:25:29: D3D9 : Direct3D9 Rendering Subsystem destroyed.
20:25:29: Plugin successfully uninstalled
20:25:29: Unloading library .\RenderSystem_Direct3D9
20:25:29: Unregistering ResourceManager for type Material
